# JRE version: OpenJDK Runtime Environment (7.0_95) (build 1.7.0_95-b00)
# Java VM: OpenJDK 64-Bit Server VM (24.95-b01 mixed mode linux-amd64 compressed oops)
Heap
 PSYoungGen      total 37376K, used 4600K [0x00000000f2200000, 0x00000000f4b00000, 0x0000000100000000)
  eden space 32768K, 0% used [0x00000000f2200000,0x00000000f2200000,0x00000000f4200000)
  from space 4608K, 99% used [0x00000000f4200000,0x00000000f467e040,0x00000000f4680000)
  to   space 4608K, 0% used [0x00000000f4680000,0x00000000f4680000,0x00000000f4b00000)
 ParOldGen       total 19968K, used 9276K [0x00000000d6600000, 0x00000000d7980000, 0x00000000f2200000)
  object space 19968K, 46% used [0x00000000d6600000,0x00000000d6f0f2b0,0x00000000d7980000)
 PSPermGen       total 21504K, used 18221K [0x00000000cc000000, 0x00000000cd500000, 0x00000000d6600000)
  object space 21504K, 84% used [0x00000000cc000000,0x00000000cd1cb538,0x00000000cd500000)
GC Heap History (10 events):
Event: 1,941 GC heap after
Heap after GC invocations=2 (full 0):
 PSYoungGen      total 9216K, used 1008K [0x00000000f2200000, 0x00000000f2c00000, 0x0000000100000000)
  eden space 8192K, 0% used [0x00000000f2200000,0x00000000f2200000,0x00000000f2a00000)
  from space 1024K, 98% used [0x00000000f2b00000,0x00000000f2bfc010,0x00000000f2c00000)
  to   space 1024K, 0% used [0x00000000f2a00000,0x00000000f2a00000,0x00000000f2b00000)
 ParOldGen       total 19968K, used 1251K [0x00000000d6600000, 0x00000000d7980000, 0x00000000f2200000)
  object space 19968K, 6% used [0x00000000d6600000,0x00000000d6738f70,0x00000000d7980000)
 PSPermGen       total 21504K, used 6222K [0x00000000cc000000, 0x00000000cd500000, 0x00000000d6600000)
  object space 21504K, 28% used [0x00000000cc000000,0x00000000cc613b98,0x00000000cd500000)
}
Event: 2,291 GC heap before
{Heap before GC invocations=3 (full 0):
 PSYoungGen      total 9216K, used 9200K [0x00000000f2200000, 0x00000000f2c00000, 0x0000000100000000)
  eden space 8192K, 100% used [0x00000000f2200000,0x00000000f2a00000,0x00000000f2a00000)
  from space 1024K, 98% used [0x00000000f2b00000,0x00000000f2bfc010,0x00000000f2c00000)
  to   space 1024K, 0% used [0x00000000f2a00000,0x00000000f2a00000,0x00000000f2b00000)
 ParOldGen       total 19968K, used 1251K [0x00000000d6600000, 0x00000000d7980000, 0x00000000f2200000)
  object space 19968K, 6% used [0x00000000d6600000,0x00000000d6738f70,0x00000000d7980000)
 PSPermGen       total 21504K, used 8188K [0x00000000cc000000, 0x00000000cd500000, 0x00000000d6600000)
  object space 21504K, 38% used [0x00000000cc000000,0x00000000cc7ff1e0,0x00000000cd500000)
Event: 2,323 GC heap after
Heap after GC invocations=3 (full 0):
 PSYoungGen      total 9216K, used 1024K [0x00000000f2200000, 0x00000000f3400000, 0x0000000100000000)
  eden space 8192K, 0% used [0x00000000f2200000,0x00000000f2200000,0x00000000f2a00000)
  from space 1024K, 100% used [0x00000000f2a00000,0x00000000f2b00000,0x00000000f2b00000)
  to   space 1024K, 0% used [0x00000000f3300000,0x00000000f3300000,0x00000000f3400000)
 ParOldGen       total 19968K, used 3011K [0x00000000d6600000, 0x00000000d7980000, 0x00000000f2200000)
  object space 19968K, 15% used [0x00000000d6600000,0x00000000d68f0d68,0x00000000d7980000)
 PSPermGen       total 21504K, used 8188K [0x00000000cc000000, 0x00000000cd500000, 0x00000000d6600000)
  object space 21504K, 38% used [0x00000000cc000000,0x00000000cc7ff1e0,0x00000000cd500000)
}
Event: 2,752 GC heap before
{Heap before GC invocations=4 (full 0):
 PSYoungGen      total 9216K, used 9207K [0x00000000f2200000, 0x00000000f3400000, 0x0000000100000000)
  eden space 8192K, 99% used [0x00000000f2200000,0x00000000f29fdd50,0x00000000f2a00000)
  from space 1024K, 100% used [0x00000000f2a00000,0x00000000f2b00000,0x00000000f2b00000)
  to   space 1024K, 0% used [0x00000000f3300000,0x00000000f3300000,0x00000000f3400000)
 ParOldGen       total 19968K, used 3011K [0x00000000d6600000, 0x00000000d7980000, 0x00000000f2200000)
  object space 19968K, 15% used [0x00000000d6600000,0x00000000d68f0d68,0x00000000d7980000)
 PSPermGen       total 21504K, used 9630K [0x00000000cc000000, 0x00000000cd500000, 0x00000000d6600000)
  object space 21504K, 44% used [0x00000000cc000000,0x00000000cc967810,0x00000000cd500000)
Event: 2,792 GC heap after
Heap after GC invocations=4 (full 0):
 PSYoungGen      total 17408K, used 1008K [0x00000000f2200000, 0x00000000f3400000, 0x0000000100000000)
  eden space 16384K, 0% used [0x00000000f2200000,0x00000000f2200000,0x00000000f3200000)
  from space 1024K, 98% used [0x00000000f3300000,0x00000000f33fc2a8,0x00000000f3400000)
  to   space 1024K, 0% used [0x00000000f3200000,0x00000000f3200000,0x00000000f3300000)
 ParOldGen       total 19968K, used 6138K [0x00000000d6600000, 0x00000000d7980000, 0x00000000f2200000)
  object space 19968K, 30% used [0x00000000d6600000,0x00000000d6bfe9d8,0x00000000d7980000)
 PSPermGen       total 21504K, used 9630K [0x00000000cc000000, 0x00000000cd500000, 0x00000000d6600000)
  object space 21504K, 44% used [0x00000000cc000000,0x00000000cc967810,0x00000000cd500000)
}
Event: 3,393 GC heap before
{Heap before GC invocations=5 (full 0):
 PSYoungGen      total 17408K, used 17392K [0x00000000f2200000, 0x00000000f3400000, 0x0000000100000000)
  eden space 16384K, 100% used [0x00000000f2200000,0x00000000f3200000,0x00000000f3200000)
  from space 1024K, 98% used [0x00000000f3300000,0x00000000f33fc2a8,0x00000000f3400000)
  to   space 1024K, 0% used [0x00000000f3200000,0x00000000f3200000,0x00000000f3300000)
 ParOldGen       total 19968K, used 6138K [0x00000000d6600000, 0x00000000d7980000, 0x00000000f2200000)
  object space 19968K, 30% used [0x00000000d6600000,0x00000000d6bfe9d8,0x00000000d7980000)
 PSPermGen       total 21504K, used 12166K [0x00000000cc000000, 0x00000000cd500000, 0x00000000d6600000)
  object space 21504K, 56% used [0x00000000cc000000,0x00000000ccbe1a38,0x00000000cd500000)
Event: 3,421 GC heap after
Heap after GC invocations=5 (full 0):
 PSYoungGen      total 17408K, used 1008K [0x00000000f2200000, 0x00000000f4b00000, 0x0000000100000000)
  eden space 16384K, 0% used [0x00000000f2200000,0x00000000f2200000,0x00000000f3200000)
  from space 1024K, 98% used [0x00000000f3200000,0x00000000f32fc010,0x00000000f3300000)
  to   space 4608K, 0% used [0x00000000f4680000,0x00000000f4680000,0x00000000f4b00000)
 ParOldGen       total 19968K, used 8379K [0x00000000d6600000, 0x00000000d7980000, 0x00000000f2200000)
  object space 19968K, 41% used [0x00000000d6600000,0x00000000d6e2ece0,0x00000000d7980000)
 PSPermGen       total 21504K, used 12166K [0x00000000cc000000, 0x00000000cd500000, 0x00000000d6600000)
  object space 21504K, 56% used [0x00000000cc000000,0x00000000ccbe1a38,0x00000000cd500000)
}
Event: 4,401 GC heap before
{Heap before GC invocations=6 (full 0):
 PSYoungGen      total 17408K, used 17392K [0x00000000f2200000, 0x00000000f4b00000, 0x0000000100000000)
  eden space 16384K, 100% used [0x00000000f2200000,0x00000000f3200000,0x00000000f3200000)
  from space 1024K, 98% used [0x00000000f3200000,0x00000000f32fc010,0x00000000f3300000)
  to   space 4608K, 0% used [0x00000000f4680000,0x00000000f4680000,0x00000000f4b00000)
 ParOldGen       total 19968K, used 8379K [0x00000000d6600000, 0x00000000d7980000, 0x00000000f2200000)
  object space 19968K, 41% used [0x00000000d6600000,0x00000000d6e2ece0,0x00000000d7980000)
 PSPermGen       total 21504K, used 15400K [0x00000000cc000000, 0x00000000cd500000, 0x00000000d6600000)
  object space 21504K, 71% used [0x00000000cc000000,0x00000000ccf0a108,0x00000000cd500000)
Event: 4,438 GC heap after
Heap after GC invocations=6 (full 0):
 PSYoungGen      total 37376K, used 3337K [0x00000000f2200000, 0x00000000f4b00000, 0x0000000100000000)
  eden space 32768K, 0% used [0x00000000f2200000,0x00000000f2200000,0x00000000f4200000)
  from space 4608K, 72% used [0x00000000f4680000,0x00000000f49c25a0,0x00000000f4b00000)
  to   space 4608K, 0% used [0x00000000f4200000,0x00000000f4200000,0x00000000f4680000)
 ParOldGen       total 19968K, used 8379K [0x00000000d6600000, 0x00000000d7980000, 0x00000000f2200000)
  object space 19968K, 41% used [0x00000000d6600000,0x00000000d6e2ece0,0x00000000d7980000)
 PSPermGen       total 21504K, used 15400K [0x00000000cc000000, 0x00000000cd500000, 0x00000000d6600000)
  object space 21504K, 71% used [0x00000000cc000000,0x00000000ccf0a108,0x00000000cd500000)
}
Event: 6,331 GC heap before
{Heap before GC invocations=7 (full 0):
 PSYoungGen      total 37376K, used 36105K [0x00000000f2200000, 0x00000000f4b00000, 0x0000000100000000)
  eden space 32768K, 100% used [0x00000000f2200000,0x00000000f4200000,0x00000000f4200000)
  from space 4608K, 72% used [0x00000000f4680000,0x00000000f49c25a0,0x00000000f4b00000)
  to   space 4608K, 0% used [0x00000000f4200000,0x00000000f4200000,0x00000000f4680000)
 ParOldGen       total 19968K, used 8379K [0x00000000d6600000, 0x00000000d7980000, 0x00000000f2200000)
  object space 19968K, 41% used [0x00000000d6600000,0x00000000d6e2ece0,0x00000000d7980000)
 PSPermGen       total 21504K, used 18221K [0x00000000cc000000, 0x00000000cd500000, 0x00000000d6600000)
  object space 21504K, 84% used [0x00000000cc000000,0x00000000cd1cb538,0x00000000cd500000)

