# JRE version: OpenJDK Runtime Environment (7.0_95) (build 1.7.0_95-b00)
# Java VM: OpenJDK 64-Bit Server VM (24.95-b01 mixed mode linux-amd64 compressed oops)
Heap
 PSYoungGen      total 112640K, used 9719K [0x00000000f2200000, 0x00000000f9b00000, 0x0000000100000000)
  eden space 102912K, 0% used [0x00000000f2200000,0x00000000f2200000,0x00000000f8680000)
  from space 9728K, 99% used [0x00000000f8680000,0x00000000f8ffdfc8,0x00000000f9000000)
  to   space 8192K, 0% used [0x00000000f9000000,0x00000000f9000000,0x00000000f9800000)
 ParOldGen       total 22016K, used 21822K [0x00000000d6600000, 0x00000000d7b80000, 0x00000000f2200000)
  object space 22016K, 99% used [0x00000000d6600000,0x00000000d7b4fa50,0x00000000d7b80000)
 PSPermGen       total 34816K, used 34610K [0x00000000cc000000, 0x00000000ce200000, 0x00000000d6600000)
  object space 34816K, 99% used [0x00000000cc000000,0x00000000ce1ccb38,0x00000000ce200000)
GC Heap History (10 events):
Event: 3,515 GC heap after
Heap after GC invocations=6 (full 0):
 PSYoungGen      total 37376K, used 3651K [0x00000000f2200000, 0x00000000f4b00000, 0x0000000100000000)
  eden space 32768K, 0% used [0x00000000f2200000,0x00000000f2200000,0x00000000f4200000)
  from space 4608K, 79% used [0x00000000f4680000,0x00000000f4a10c68,0x00000000f4b00000)
  to   space 4608K, 0% used [0x00000000f4200000,0x00000000f4200000,0x00000000f4680000)
 ParOldGen       total 19968K, used 9298K [0x00000000d6600000, 0x00000000d7980000, 0x00000000f2200000)
  object space 19968K, 46% used [0x00000000d6600000,0x00000000d6f14a90,0x00000000d7980000)
 PSPermGen       total 21504K, used 15746K [0x00000000cc000000, 0x00000000cd500000, 0x00000000d6600000)
  object space 21504K, 73% used [0x00000000cc000000,0x00000000ccf60908,0x00000000cd500000)
}
Event: 5,257 GC heap before
{Heap before GC invocations=7 (full 0):
 PSYoungGen      total 37376K, used 36419K [0x00000000f2200000, 0x00000000f4b00000, 0x0000000100000000)
  eden space 32768K, 100% used [0x00000000f2200000,0x00000000f4200000,0x00000000f4200000)
  from space 4608K, 79% used [0x00000000f4680000,0x00000000f4a10c68,0x00000000f4b00000)
  to   space 4608K, 0% used [0x00000000f4200000,0x00000000f4200000,0x00000000f4680000)
 ParOldGen       total 19968K, used 9298K [0x00000000d6600000, 0x00000000d7980000, 0x00000000f2200000)
  object space 19968K, 46% used [0x00000000d6600000,0x00000000d6f14a90,0x00000000d7980000)
 PSPermGen       total 21504K, used 18021K [0x00000000cc000000, 0x00000000cd500000, 0x00000000d6600000)
  object space 21504K, 83% used [0x00000000cc000000,0x00000000cd199408,0x00000000cd500000)
Event: 5,281 GC heap after
Heap after GC invocations=7 (full 0):
 PSYoungGen      total 37376K, used 4562K [0x00000000f2200000, 0x00000000f6d00000, 0x0000000100000000)
  eden space 32768K, 0% used [0x00000000f2200000,0x00000000f2200000,0x00000000f4200000)
  from space 4608K, 99% used [0x00000000f4200000,0x00000000f4674858,0x00000000f4680000)
  to   space 5632K, 0% used [0x00000000f6780000,0x00000000f6780000,0x00000000f6d00000)
 ParOldGen       total 19968K, used 9986K [0x00000000d6600000, 0x00000000d7980000, 0x00000000f2200000)
  object space 19968K, 50% used [0x00000000d6600000,0x00000000d6fc0920,0x00000000d7980000)
 PSPermGen       total 21504K, used 18021K [0x00000000cc000000, 0x00000000cd500000, 0x00000000d6600000)
  object space 21504K, 83% used [0x00000000cc000000,0x00000000cd199408,0x00000000cd500000)
}
Event: 6,131 GC heap before
{Heap before GC invocations=8 (full 0):
 PSYoungGen      total 37376K, used 37330K [0x00000000f2200000, 0x00000000f6d00000, 0x0000000100000000)
  eden space 32768K, 100% used [0x00000000f2200000,0x00000000f4200000,0x00000000f4200000)
  from space 4608K, 99% used [0x00000000f4200000,0x00000000f4674858,0x00000000f4680000)
  to   space 5632K, 0% used [0x00000000f6780000,0x00000000f6780000,0x00000000f6d00000)
 ParOldGen       total 19968K, used 9986K [0x00000000d6600000, 0x00000000d7980000, 0x00000000f2200000)
  object space 19968K, 50% used [0x00000000d6600000,0x00000000d6fc0920,0x00000000d7980000)
 PSPermGen       total 21504K, used 18488K [0x00000000cc000000, 0x00000000cd500000, 0x00000000d6600000)
  object space 21504K, 85% used [0x00000000cc000000,0x00000000cd20e050,0x00000000cd500000)
Event: 6,175 GC heap after
Heap after GC invocations=8 (full 0):
 PSYoungGen      total 70656K, used 5339K [0x00000000f2200000, 0x00000000f6e00000, 0x0000000100000000)
  eden space 65024K, 0% used [0x00000000f2200000,0x00000000f2200000,0x00000000f6180000)
  from space 5632K, 94% used [0x00000000f6780000,0x00000000f6cb6c60,0x00000000f6d00000)
  to   space 6144K, 0% used [0x00000000f6180000,0x00000000f6180000,0x00000000f6780000)
 ParOldGen       total 19968K, used 10146K [0x00000000d6600000, 0x00000000d7980000, 0x00000000f2200000)
  object space 19968K, 50% used [0x00000000d6600000,0x00000000d6fe8920,0x00000000d7980000)
 PSPermGen       total 21504K, used 18488K [0x00000000cc000000, 0x00000000cd500000, 0x00000000d6600000)
  object space 21504K, 85% used [0x00000000cc000000,0x00000000cd20e050,0x00000000cd500000)
}
Event: 10,064 GC heap before
{Heap before GC invocations=9 (full 0):
 PSYoungGen      total 70656K, used 70362K [0x00000000f2200000, 0x00000000f6e00000, 0x0000000100000000)
  eden space 65024K, 99% used [0x00000000f2200000,0x00000000f617fcc8,0x00000000f6180000)
  from space 5632K, 94% used [0x00000000f6780000,0x00000000f6cb6c60,0x00000000f6d00000)
  to   space 6144K, 0% used [0x00000000f6180000,0x00000000f6180000,0x00000000f6780000)
 ParOldGen       total 19968K, used 10146K [0x00000000d6600000, 0x00000000d7980000, 0x00000000f2200000)
  object space 19968K, 50% used [0x00000000d6600000,0x00000000d6fe8920,0x00000000d7980000)
 PSPermGen       total 22016K, used 21522K [0x00000000cc000000, 0x00000000cd580000, 0x00000000d6600000)
  object space 22016K, 97% used [0x00000000cc000000,0x00000000cd504af0,0x00000000cd580000)
Event: 10,161 GC heap after
Heap after GC invocations=9 (full 0):
 PSYoungGen      total 71168K, used 6124K [0x00000000f2200000, 0x00000000f9800000, 0x0000000100000000)
  eden space 65024K, 0% used [0x00000000f2200000,0x00000000f2200000,0x00000000f6180000)
  from space 6144K, 99% used [0x00000000f6180000,0x00000000f677b2e8,0x00000000f6780000)
  to   space 8192K, 0% used [0x00000000f9000000,0x00000000f9000000,0x00000000f9800000)
 ParOldGen       total 19968K, used 12782K [0x00000000d6600000, 0x00000000d7980000, 0x00000000f2200000)
  object space 19968K, 64% used [0x00000000d6600000,0x00000000d727b8d0,0x00000000d7980000)
 PSPermGen       total 22016K, used 21522K [0x00000000cc000000, 0x00000000cd580000, 0x00000000d6600000)
  object space 22016K, 97% used [0x00000000cc000000,0x00000000cd504af0,0x00000000cd580000)
}
Event: 12,908 GC heap before
{Heap before GC invocations=10 (full 0):
 PSYoungGen      total 71168K, used 71148K [0x00000000f2200000, 0x00000000f9800000, 0x0000000100000000)
  eden space 65024K, 100% used [0x00000000f2200000,0x00000000f6180000,0x00000000f6180000)
  from space 6144K, 99% used [0x00000000f6180000,0x00000000f677b2e8,0x00000000f6780000)
  to   space 8192K, 0% used [0x00000000f9000000,0x00000000f9000000,0x00000000f9800000)
 ParOldGen       total 19968K, used 12782K [0x00000000d6600000, 0x00000000d7980000, 0x00000000f2200000)
  object space 19968K, 64% used [0x00000000d6600000,0x00000000d727b8d0,0x00000000d7980000)
 PSPermGen       total 26112K, used 26061K [0x00000000cc000000, 0x00000000cd980000, 0x00000000d6600000)
  object space 26112K, 99% used [0x00000000cc000000,0x00000000cd973668,0x00000000cd980000)
Event: 12,956 GC heap after
Heap after GC invocations=10 (full 0):
 PSYoungGen      total 111104K, used 8160K [0x00000000f2200000, 0x00000000f9b00000, 0x0000000100000000)
  eden space 102912K, 0% used [0x00000000f2200000,0x00000000f2200000,0x00000000f8680000)
  from space 8192K, 99% used [0x00000000f9000000,0x00000000f97f81c8,0x00000000f9800000)
  to   space 9728K, 0% used [0x00000000f8680000,0x00000000f8680000,0x00000000f9000000)
 ParOldGen       total 19968K, used 14373K [0x00000000d6600000, 0x00000000d7980000, 0x00000000f2200000)
  object space 19968K, 71% used [0x00000000d6600000,0x00000000d74097d0,0x00000000d7980000)
 PSPermGen       total 26112K, used 26061K [0x00000000cc000000, 0x00000000cd980000, 0x00000000d6600000)
  object space 26112K, 99% used [0x00000000cc000000,0x00000000cd973668,0x00000000cd980000)
}
Event: 17,088 GC heap before
{Heap before GC invocations=11 (full 0):
 PSYoungGen      total 111104K, used 111072K [0x00000000f2200000, 0x00000000f9b00000, 0x0000000100000000)
  eden space 102912K, 100% used [0x00000000f2200000,0x00000000f8680000,0x00000000f8680000)
  from space 8192K, 99% used [0x00000000f9000000,0x00000000f97f81c8,0x00000000f9800000)
  to   space 9728K, 0% used [0x00000000f8680000,0x00000000f8680000,0x00000000f9000000)
 ParOldGen       total 19968K, used 14373K [0x00000000d6600000, 0x00000000d7980000, 0x00000000f2200000)
  object space 19968K, 71% used [0x00000000d6600000,0x00000000d74097d0,0x00000000d7980000)
 PSPermGen       total 34816K, used 34610K [0x00000000cc000000, 0x00000000ce200000, 0x00000000d6600000)
  object space 34816K, 99% used [0x00000000cc000000,0x00000000ce1ccb38,0x00000000ce200000)

