# JRE version: OpenJDK Runtime Environment (7.0_95) (build 1.7.0_95-b00)
# Java VM: OpenJDK 64-Bit Server VM (24.95-b01 mixed mode linux-amd64 compressed oops)
Heap
 PSYoungGen      total 33792K, used 1024K [0x00000000f2200000, 0x00000000f4400000, 0x0000000100000000)
  eden space 32768K, 0% used [0x00000000f2200000,0x00000000f2200000,0x00000000f4200000)
  from space 1024K, 100% used [0x00000000f4200000,0x00000000f4300000,0x00000000f4300000)
  to   space 1024K, 0% used [0x00000000f4300000,0x00000000f4300000,0x00000000f4400000)
 ParOldGen       total 19968K, used 6085K [0x00000000d6600000, 0x00000000d7980000, 0x00000000f2200000)
  object space 19968K, 30% used [0x00000000d6600000,0x00000000d6bf16c0,0x00000000d7980000)
 PSPermGen       total 21504K, used 10475K [0x00000000cc000000, 0x00000000cd500000, 0x00000000d6600000)
  object space 21504K, 48% used [0x00000000cc000000,0x00000000cca3af80,0x00000000cd500000)
GC Heap History (9 events):
Event: 2,078 GC heap before
{Heap before GC invocations=1 (full 0):
 PSYoungGen      total 9216K, used 8192K [0x00000000f2200000, 0x00000000f2c00000, 0x0000000100000000)
  eden space 8192K, 100% used [0x00000000f2200000,0x00000000f2a00000,0x00000000f2a00000)
  from space 1024K, 0% used [0x00000000f2b00000,0x00000000f2b00000,0x00000000f2c00000)
  to   space 1024K, 0% used [0x00000000f2a00000,0x00000000f2a00000,0x00000000f2b00000)
 ParOldGen       total 19968K, used 0K [0x00000000d6600000, 0x00000000d7980000, 0x00000000f2200000)
  object space 19968K, 0% used [0x00000000d6600000,0x00000000d6600000,0x00000000d7980000)
 PSPermGen       total 21504K, used 5252K [0x00000000cc000000, 0x00000000cd500000, 0x00000000d6600000)
  object space 21504K, 24% used [0x00000000cc000000,0x00000000cc5212c8,0x00000000cd500000)
Event: 2,115 GC heap after
Heap after GC invocations=1 (full 0):
 PSYoungGen      total 9216K, used 1010K [0x00000000f2200000, 0x00000000f3400000, 0x0000000100000000)
  eden space 8192K, 0% used [0x00000000f2200000,0x00000000f2200000,0x00000000f2a00000)
  from space 1024K, 98% used [0x00000000f2a00000,0x00000000f2afcba0,0x00000000f2b00000)
  to   space 1024K, 0% used [0x00000000f3300000,0x00000000f3300000,0x00000000f3400000)
 ParOldGen       total 19968K, used 687K [0x00000000d6600000, 0x00000000d7980000, 0x00000000f2200000)
  object space 19968K, 3% used [0x00000000d6600000,0x00000000d66abd48,0x00000000d7980000)
 PSPermGen       total 21504K, used 5252K [0x00000000cc000000, 0x00000000cd500000, 0x00000000d6600000)
  object space 21504K, 24% used [0x00000000cc000000,0x00000000cc5212c8,0x00000000cd500000)
}
Event: 2,556 GC heap before
{Heap before GC invocations=2 (full 0):
 PSYoungGen      total 9216K, used 9202K [0x00000000f2200000, 0x00000000f3400000, 0x0000000100000000)
  eden space 8192K, 100% used [0x00000000f2200000,0x00000000f2a00000,0x00000000f2a00000)
  from space 1024K, 98% used [0x00000000f2a00000,0x00000000f2afcba0,0x00000000f2b00000)
  to   space 1024K, 0% used [0x00000000f3300000,0x00000000f3300000,0x00000000f3400000)
 ParOldGen       total 19968K, used 687K [0x00000000d6600000, 0x00000000d7980000, 0x00000000f2200000)
  object space 19968K, 3% used [0x00000000d6600000,0x00000000d66abd48,0x00000000d7980000)
 PSPermGen       total 21504K, used 7122K [0x00000000cc000000, 0x00000000cd500000, 0x00000000d6600000)
  object space 21504K, 33% used [0x00000000cc000000,0x00000000cc6f4be8,0x00000000cd500000)
Event: 2,571 GC heap after
Heap after GC invocations=2 (full 0):
 PSYoungGen      total 17408K, used 1008K [0x00000000f2200000, 0x00000000f3400000, 0x0000000100000000)
  eden space 16384K, 0% used [0x00000000f2200000,0x00000000f2200000,0x00000000f3200000)
  from space 1024K, 98% used [0x00000000f3300000,0x00000000f33fc010,0x00000000f3400000)
  to   space 1024K, 0% used [0x00000000f3200000,0x00000000f3200000,0x00000000f3300000)
 ParOldGen       total 19968K, used 1473K [0x00000000d6600000, 0x00000000d7980000, 0x00000000f2200000)
  object space 19968K, 7% used [0x00000000d6600000,0x00000000d6770478,0x00000000d7980000)
 PSPermGen       total 21504K, used 7122K [0x00000000cc000000, 0x00000000cd500000, 0x00000000d6600000)
  object space 21504K, 33% used [0x00000000cc000000,0x00000000cc6f4be8,0x00000000cd500000)
}
Event: 4,027 GC heap before
{Heap before GC invocations=3 (full 0):
 PSYoungGen      total 17408K, used 17392K [0x00000000f2200000, 0x00000000f3400000, 0x0000000100000000)
  eden space 16384K, 100% used [0x00000000f2200000,0x00000000f3200000,0x00000000f3200000)
  from space 1024K, 98% used [0x00000000f3300000,0x00000000f33fc010,0x00000000f3400000)
  to   space 1024K, 0% used [0x00000000f3200000,0x00000000f3200000,0x00000000f3300000)
 ParOldGen       total 19968K, used 1473K [0x00000000d6600000, 0x00000000d7980000, 0x00000000f2200000)
  object space 19968K, 7% used [0x00000000d6600000,0x00000000d6770478,0x00000000d7980000)
 PSPermGen       total 21504K, used 9420K [0x00000000cc000000, 0x00000000cd500000, 0x00000000d6600000)
  object space 21504K, 43% used [0x00000000cc000000,0x00000000cc9333e0,0x00000000cd500000)
Event: 4,105 GC heap after
Heap after GC invocations=3 (full 0):
 PSYoungGen      total 17408K, used 1024K [0x00000000f2200000, 0x00000000f4400000, 0x0000000100000000)
  eden space 16384K, 0% used [0x00000000f2200000,0x00000000f2200000,0x00000000f3200000)
  from space 1024K, 100% used [0x00000000f3200000,0x00000000f3300000,0x00000000f3300000)
  to   space 1024K, 0% used [0x00000000f4300000,0x00000000f4300000,0x00000000f4400000)
 ParOldGen       total 19968K, used 3409K [0x00000000d6600000, 0x00000000d7980000, 0x00000000f2200000)
  object space 19968K, 17% used [0x00000000d6600000,0x00000000d69547b8,0x00000000d7980000)
 PSPermGen       total 21504K, used 9420K [0x00000000cc000000, 0x00000000cd500000, 0x00000000d6600000)
  object space 21504K, 43% used [0x00000000cc000000,0x00000000cc9333e0,0x00000000cd500000)
}
Event: 5,121 GC heap before
{Heap before GC invocations=4 (full 0):
 PSYoungGen      total 17408K, used 17408K [0x00000000f2200000, 0x00000000f4400000, 0x0000000100000000)
  eden space 16384K, 100% used [0x00000000f2200000,0x00000000f3200000,0x00000000f3200000)
  from space 1024K, 100% used [0x00000000f3200000,0x00000000f3300000,0x00000000f3300000)
  to   space 1024K, 0% used [0x00000000f4300000,0x00000000f4300000,0x00000000f4400000)
 ParOldGen       total 19968K, used 3409K [0x00000000d6600000, 0x00000000d7980000, 0x00000000f2200000)
  object space 19968K, 17% used [0x00000000d6600000,0x00000000d69547b8,0x00000000d7980000)
 PSPermGen       total 21504K, used 10065K [0x00000000cc000000, 0x00000000cd500000, 0x00000000d6600000)
  object space 21504K, 46% used [0x00000000cc000000,0x00000000cc9d4450,0x00000000cd500000)
Event: 5,153 GC heap after
Heap after GC invocations=4 (full 0):
 PSYoungGen      total 33792K, used 1008K [0x00000000f2200000, 0x00000000f4400000, 0x0000000100000000)
  eden space 32768K, 0% used [0x00000000f2200000,0x00000000f2200000,0x00000000f4200000)
  from space 1024K, 98% used [0x00000000f4300000,0x00000000f43fc010,0x00000000f4400000)
  to   space 1024K, 0% used [0x00000000f4200000,0x00000000f4200000,0x00000000f4300000)
 ParOldGen       total 19968K, used 4902K [0x00000000d6600000, 0x00000000d7980000, 0x00000000f2200000)
  object space 19968K, 24% used [0x00000000d6600000,0x00000000d6ac98a0,0x00000000d7980000)
 PSPermGen       total 21504K, used 10065K [0x00000000cc000000, 0x00000000cd500000, 0x00000000d6600000)
  object space 21504K, 46% used [0x00000000cc000000,0x00000000cc9d4450,0x00000000cd500000)
}
Event: 8,180 GC heap before
{Heap before GC invocations=5 (full 0):
 PSYoungGen      total 33792K, used 33776K [0x00000000f2200000, 0x00000000f4400000, 0x0000000100000000)
  eden space 32768K, 100% used [0x00000000f2200000,0x00000000f4200000,0x00000000f4200000)
  from space 1024K, 98% used [0x00000000f4300000,0x00000000f43fc010,0x00000000f4400000)
  to   space 1024K, 0% used [0x00000000f4200000,0x00000000f4200000,0x00000000f4300000)
 ParOldGen       total 19968K, used 4902K [0x00000000d6600000, 0x00000000d7980000, 0x00000000f2200000)
  object space 19968K, 24% used [0x00000000d6600000,0x00000000d6ac98a0,0x00000000d7980000)
 PSPermGen       total 21504K, used 10475K [0x00000000cc000000, 0x00000000cd500000, 0x00000000d6600000)
  object space 21504K, 48% used [0x00000000cc000000,0x00000000cca3af80,0x00000000cd500000)

