# JRE version: OpenJDK Runtime Environment (7.0_95) (build 1.7.0_95-b00)
# Java VM: OpenJDK 64-Bit Server VM (24.95-b01 mixed mode linux-amd64 compressed oops)
Heap
 PSYoungGen      total 112640K, used 9718K [0x00000000f2200000, 0x00000000f9b00000, 0x0000000100000000)
  eden space 102912K, 0% used [0x00000000f2200000,0x00000000f2200000,0x00000000f8680000)
  from space 9728K, 99% used [0x00000000f8680000,0x00000000f8ffdbc0,0x00000000f9000000)
  to   space 8192K, 0% used [0x00000000f9000000,0x00000000f9000000,0x00000000f9800000)
 ParOldGen       total 23552K, used 23267K [0x00000000d6600000, 0x00000000d7d00000, 0x00000000f2200000)
  object space 23552K, 98% used [0x00000000d6600000,0x00000000d7cb8e00,0x00000000d7d00000)
 PSPermGen       total 36352K, used 36196K [0x00000000cc000000, 0x00000000ce380000, 0x00000000d6600000)
  object space 36352K, 99% used [0x00000000cc000000,0x00000000ce3593a0,0x00000000ce380000)
GC Heap History (10 events):
Event: 3,603 GC heap after
Heap after GC invocations=6 (full 0):
 PSYoungGen      total 37376K, used 3549K [0x00000000f2200000, 0x00000000f4b00000, 0x0000000100000000)
  eden space 32768K, 0% used [0x00000000f2200000,0x00000000f2200000,0x00000000f4200000)
  from space 4608K, 77% used [0x00000000f4680000,0x00000000f49f7760,0x00000000f4b00000)
  to   space 4608K, 0% used [0x00000000f4200000,0x00000000f4200000,0x00000000f4680000)
 ParOldGen       total 19968K, used 9192K [0x00000000d6600000, 0x00000000d7980000, 0x00000000f2200000)
  object space 19968K, 46% used [0x00000000d6600000,0x00000000d6efa088,0x00000000d7980000)
 PSPermGen       total 21504K, used 15704K [0x00000000cc000000, 0x00000000cd500000, 0x00000000d6600000)
  object space 21504K, 73% used [0x00000000cc000000,0x00000000ccf560c8,0x00000000cd500000)
}
Event: 5,275 GC heap before
{Heap before GC invocations=7 (full 0):
 PSYoungGen      total 37376K, used 36317K [0x00000000f2200000, 0x00000000f4b00000, 0x0000000100000000)
  eden space 32768K, 100% used [0x00000000f2200000,0x00000000f4200000,0x00000000f4200000)
  from space 4608K, 77% used [0x00000000f4680000,0x00000000f49f7760,0x00000000f4b00000)
  to   space 4608K, 0% used [0x00000000f4200000,0x00000000f4200000,0x00000000f4680000)
 ParOldGen       total 19968K, used 9192K [0x00000000d6600000, 0x00000000d7980000, 0x00000000f2200000)
  object space 19968K, 46% used [0x00000000d6600000,0x00000000d6efa088,0x00000000d7980000)
 PSPermGen       total 21504K, used 17946K [0x00000000cc000000, 0x00000000cd500000, 0x00000000d6600000)
  object space 21504K, 83% used [0x00000000cc000000,0x00000000cd186890,0x00000000cd500000)
Event: 5,318 GC heap after
Heap after GC invocations=7 (full 0):
 PSYoungGen      total 37376K, used 4585K [0x00000000f2200000, 0x00000000f6d00000, 0x0000000100000000)
  eden space 32768K, 0% used [0x00000000f2200000,0x00000000f2200000,0x00000000f4200000)
  from space 4608K, 99% used [0x00000000f4200000,0x00000000f467a6d0,0x00000000f4680000)
  to   space 5632K, 0% used [0x00000000f6780000,0x00000000f6780000,0x00000000f6d00000)
 ParOldGen       total 19968K, used 9875K [0x00000000d6600000, 0x00000000d7980000, 0x00000000f2200000)
  object space 19968K, 49% used [0x00000000d6600000,0x00000000d6fa4c80,0x00000000d7980000)
 PSPermGen       total 21504K, used 17946K [0x00000000cc000000, 0x00000000cd500000, 0x00000000d6600000)
  object space 21504K, 83% used [0x00000000cc000000,0x00000000cd186890,0x00000000cd500000)
}
Event: 6,332 GC heap before
{Heap before GC invocations=8 (full 0):
 PSYoungGen      total 37376K, used 37353K [0x00000000f2200000, 0x00000000f6d00000, 0x0000000100000000)
  eden space 32768K, 100% used [0x00000000f2200000,0x00000000f4200000,0x00000000f4200000)
  from space 4608K, 99% used [0x00000000f4200000,0x00000000f467a6d0,0x00000000f4680000)
  to   space 5632K, 0% used [0x00000000f6780000,0x00000000f6780000,0x00000000f6d00000)
 ParOldGen       total 19968K, used 9875K [0x00000000d6600000, 0x00000000d7980000, 0x00000000f2200000)
  object space 19968K, 49% used [0x00000000d6600000,0x00000000d6fa4c80,0x00000000d7980000)
 PSPermGen       total 21504K, used 18481K [0x00000000cc000000, 0x00000000cd500000, 0x00000000d6600000)
  object space 21504K, 85% used [0x00000000cc000000,0x00000000cd20c6e8,0x00000000cd500000)
Event: 6,355 GC heap after
Heap after GC invocations=8 (full 0):
 PSYoungGen      total 70656K, used 5315K [0x00000000f2200000, 0x00000000f6e00000, 0x0000000100000000)
  eden space 65024K, 0% used [0x00000000f2200000,0x00000000f2200000,0x00000000f6180000)
  from space 5632K, 94% used [0x00000000f6780000,0x00000000f6cb0ff0,0x00000000f6d00000)
  to   space 6144K, 0% used [0x00000000f6180000,0x00000000f6180000,0x00000000f6780000)
 ParOldGen       total 19968K, used 10259K [0x00000000d6600000, 0x00000000d7980000, 0x00000000f2200000)
  object space 19968K, 51% used [0x00000000d6600000,0x00000000d7004c80,0x00000000d7980000)
 PSPermGen       total 21504K, used 18481K [0x00000000cc000000, 0x00000000cd500000, 0x00000000d6600000)
  object space 21504K, 85% used [0x00000000cc000000,0x00000000cd20c6e8,0x00000000cd500000)
}
Event: 11,120 GC heap before
{Heap before GC invocations=9 (full 0):
 PSYoungGen      total 70656K, used 70339K [0x00000000f2200000, 0x00000000f6e00000, 0x0000000100000000)
  eden space 65024K, 100% used [0x00000000f2200000,0x00000000f6180000,0x00000000f6180000)
  from space 5632K, 94% used [0x00000000f6780000,0x00000000f6cb0ff0,0x00000000f6d00000)
  to   space 6144K, 0% used [0x00000000f6180000,0x00000000f6180000,0x00000000f6780000)
 ParOldGen       total 19968K, used 10259K [0x00000000d6600000, 0x00000000d7980000, 0x00000000f2200000)
  object space 19968K, 51% used [0x00000000d6600000,0x00000000d7004c80,0x00000000d7980000)
 PSPermGen       total 22016K, used 21586K [0x00000000cc000000, 0x00000000cd580000, 0x00000000d6600000)
  object space 22016K, 98% used [0x00000000cc000000,0x00000000cd514ae8,0x00000000cd580000)
Event: 11,191 GC heap after
Heap after GC invocations=9 (full 0):
 PSYoungGen      total 71168K, used 6120K [0x00000000f2200000, 0x00000000f9800000, 0x0000000100000000)
  eden space 65024K, 0% used [0x00000000f2200000,0x00000000f2200000,0x00000000f6180000)
  from space 6144K, 99% used [0x00000000f6180000,0x00000000f677a158,0x00000000f6780000)
  to   space 8192K, 0% used [0x00000000f9000000,0x00000000f9000000,0x00000000f9800000)
 ParOldGen       total 19968K, used 12983K [0x00000000d6600000, 0x00000000d7980000, 0x00000000f2200000)
  object space 19968K, 65% used [0x00000000d6600000,0x00000000d72adff8,0x00000000d7980000)
 PSPermGen       total 22016K, used 21586K [0x00000000cc000000, 0x00000000cd580000, 0x00000000d6600000)
  object space 22016K, 98% used [0x00000000cc000000,0x00000000cd514ae8,0x00000000cd580000)
}
Event: 14,363 GC heap before
{Heap before GC invocations=10 (full 0):
 PSYoungGen      total 71168K, used 71144K [0x00000000f2200000, 0x00000000f9800000, 0x0000000100000000)
  eden space 65024K, 100% used [0x00000000f2200000,0x00000000f6180000,0x00000000f6180000)
  from space 6144K, 99% used [0x00000000f6180000,0x00000000f677a158,0x00000000f6780000)
  to   space 8192K, 0% used [0x00000000f9000000,0x00000000f9000000,0x00000000f9800000)
 ParOldGen       total 19968K, used 12983K [0x00000000d6600000, 0x00000000d7980000, 0x00000000f2200000)
  object space 19968K, 65% used [0x00000000d6600000,0x00000000d72adff8,0x00000000d7980000)
 PSPermGen       total 26112K, used 26069K [0x00000000cc000000, 0x00000000cd980000, 0x00000000d6600000)
  object space 26112K, 99% used [0x00000000cc000000,0x00000000cd9755e8,0x00000000cd980000)
Event: 14,410 GC heap after
Heap after GC invocations=10 (full 0):
 PSYoungGen      total 111104K, used 8189K [0x00000000f2200000, 0x00000000f9b00000, 0x0000000100000000)
  eden space 102912K, 0% used [0x00000000f2200000,0x00000000f2200000,0x00000000f8680000)
  from space 8192K, 99% used [0x00000000f9000000,0x00000000f97ff520,0x00000000f9800000)
  to   space 9728K, 0% used [0x00000000f8680000,0x00000000f8680000,0x00000000f9000000)
 ParOldGen       total 19968K, used 14407K [0x00000000d6600000, 0x00000000d7980000, 0x00000000f2200000)
  object space 19968K, 72% used [0x00000000d6600000,0x00000000d7411e48,0x00000000d7980000)
 PSPermGen       total 26112K, used 26069K [0x00000000cc000000, 0x00000000cd980000, 0x00000000d6600000)
  object space 26112K, 99% used [0x00000000cc000000,0x00000000cd9755e8,0x00000000cd980000)
}
Event: 18,267 GC heap before
{Heap before GC invocations=11 (full 0):
 PSYoungGen      total 111104K, used 111101K [0x00000000f2200000, 0x00000000f9b00000, 0x0000000100000000)
  eden space 102912K, 100% used [0x00000000f2200000,0x00000000f8680000,0x00000000f8680000)
  from space 8192K, 99% used [0x00000000f9000000,0x00000000f97ff520,0x00000000f9800000)
  to   space 9728K, 0% used [0x00000000f8680000,0x00000000f8680000,0x00000000f9000000)
 ParOldGen       total 19968K, used 14407K [0x00000000d6600000, 0x00000000d7980000, 0x00000000f2200000)
  object space 19968K, 72% used [0x00000000d6600000,0x00000000d7411e48,0x00000000d7980000)
 PSPermGen       total 36352K, used 36196K [0x00000000cc000000, 0x00000000ce380000, 0x00000000d6600000)
  object space 36352K, 99% used [0x00000000cc000000,0x00000000ce3593a0,0x00000000ce380000)

