# JRE version: OpenJDK Runtime Environment (7.0_95) (build 1.7.0_95-b00)
# Java VM: OpenJDK 64-Bit Server VM (24.95-b01 mixed mode linux-amd64 compressed oops)
Heap
 PSYoungGen      total 112640K, used 9723K [0x00000000f2200000, 0x00000000f9b00000, 0x0000000100000000)
  eden space 102912K, 0% used [0x00000000f2200000,0x00000000f2200000,0x00000000f8680000)
  from space 9728K, 99% used [0x00000000f8680000,0x00000000f8ffed80,0x00000000f9000000)
  to   space 8192K, 0% used [0x00000000f9000000,0x00000000f9000000,0x00000000f9800000)
 ParOldGen       total 22016K, used 21505K [0x00000000d6600000, 0x00000000d7b80000, 0x00000000f2200000)
  object space 22016K, 97% used [0x00000000d6600000,0x00000000d7b004e8,0x00000000d7b80000)
 PSPermGen       total 34816K, used 34491K [0x00000000cc000000, 0x00000000ce200000, 0x00000000d6600000)
  object space 34816K, 99% used [0x00000000cc000000,0x00000000ce1aef88,0x00000000ce200000)
GC Heap History (10 events):
Event: 3,775 GC heap after
Heap after GC invocations=6 (full 0):
 PSYoungGen      total 37376K, used 3673K [0x00000000f2200000, 0x00000000f4b00000, 0x0000000100000000)
  eden space 32768K, 0% used [0x00000000f2200000,0x00000000f2200000,0x00000000f4200000)
  from space 4608K, 79% used [0x00000000f4680000,0x00000000f4a16710,0x00000000f4b00000)
  to   space 4608K, 0% used [0x00000000f4200000,0x00000000f4200000,0x00000000f4680000)
 ParOldGen       total 19968K, used 9183K [0x00000000d6600000, 0x00000000d7980000, 0x00000000f2200000)
  object space 19968K, 45% used [0x00000000d6600000,0x00000000d6ef7e28,0x00000000d7980000)
 PSPermGen       total 21504K, used 15745K [0x00000000cc000000, 0x00000000cd500000, 0x00000000d6600000)
  object space 21504K, 73% used [0x00000000cc000000,0x00000000ccf60420,0x00000000cd500000)
}
Event: 5,440 GC heap before
{Heap before GC invocations=7 (full 0):
 PSYoungGen      total 37376K, used 36441K [0x00000000f2200000, 0x00000000f4b00000, 0x0000000100000000)
  eden space 32768K, 100% used [0x00000000f2200000,0x00000000f4200000,0x00000000f4200000)
  from space 4608K, 79% used [0x00000000f4680000,0x00000000f4a16710,0x00000000f4b00000)
  to   space 4608K, 0% used [0x00000000f4200000,0x00000000f4200000,0x00000000f4680000)
 ParOldGen       total 19968K, used 9183K [0x00000000d6600000, 0x00000000d7980000, 0x00000000f2200000)
  object space 19968K, 45% used [0x00000000d6600000,0x00000000d6ef7e28,0x00000000d7980000)
 PSPermGen       total 21504K, used 18021K [0x00000000cc000000, 0x00000000cd500000, 0x00000000d6600000)
  object space 21504K, 83% used [0x00000000cc000000,0x00000000cd1997e8,0x00000000cd500000)
Event: 5,473 GC heap after
Heap after GC invocations=7 (full 0):
 PSYoungGen      total 37376K, used 4607K [0x00000000f2200000, 0x00000000f6d00000, 0x0000000100000000)
  eden space 32768K, 0% used [0x00000000f2200000,0x00000000f2200000,0x00000000f4200000)
  from space 4608K, 99% used [0x00000000f4200000,0x00000000f467ff10,0x00000000f4680000)
  to   space 5632K, 0% used [0x00000000f6780000,0x00000000f6780000,0x00000000f6d00000)
 ParOldGen       total 19968K, used 9851K [0x00000000d6600000, 0x00000000d7980000, 0x00000000f2200000)
  object space 19968K, 49% used [0x00000000d6600000,0x00000000d6f9ee80,0x00000000d7980000)
 PSPermGen       total 21504K, used 18021K [0x00000000cc000000, 0x00000000cd500000, 0x00000000d6600000)
  object space 21504K, 83% used [0x00000000cc000000,0x00000000cd1997e8,0x00000000cd500000)
}
Event: 6,243 GC heap before
{Heap before GC invocations=8 (full 0):
 PSYoungGen      total 37376K, used 37375K [0x00000000f2200000, 0x00000000f6d00000, 0x0000000100000000)
  eden space 32768K, 100% used [0x00000000f2200000,0x00000000f4200000,0x00000000f4200000)
  from space 4608K, 99% used [0x00000000f4200000,0x00000000f467ff10,0x00000000f4680000)
  to   space 5632K, 0% used [0x00000000f6780000,0x00000000f6780000,0x00000000f6d00000)
 ParOldGen       total 19968K, used 9851K [0x00000000d6600000, 0x00000000d7980000, 0x00000000f2200000)
  object space 19968K, 49% used [0x00000000d6600000,0x00000000d6f9ee80,0x00000000d7980000)
 PSPermGen       total 21504K, used 18488K [0x00000000cc000000, 0x00000000cd500000, 0x00000000d6600000)
  object space 21504K, 85% used [0x00000000cc000000,0x00000000cd20e228,0x00000000cd500000)
Event: 6,263 GC heap after
Heap after GC invocations=8 (full 0):
 PSYoungGen      total 70656K, used 5362K [0x00000000f2200000, 0x00000000f6e00000, 0x0000000100000000)
  eden space 65024K, 0% used [0x00000000f2200000,0x00000000f2200000,0x00000000f6180000)
  from space 5632K, 95% used [0x00000000f6780000,0x00000000f6cbc9f0,0x00000000f6d00000)
  to   space 6144K, 0% used [0x00000000f6180000,0x00000000f6180000,0x00000000f6780000)
 ParOldGen       total 19968K, used 10275K [0x00000000d6600000, 0x00000000d7980000, 0x00000000f2200000)
  object space 19968K, 51% used [0x00000000d6600000,0x00000000d7008e80,0x00000000d7980000)
 PSPermGen       total 21504K, used 18488K [0x00000000cc000000, 0x00000000cd500000, 0x00000000d6600000)
  object space 21504K, 85% used [0x00000000cc000000,0x00000000cd20e228,0x00000000cd500000)
}
Event: 9,138 GC heap before
{Heap before GC invocations=9 (full 0):
 PSYoungGen      total 70656K, used 70386K [0x00000000f2200000, 0x00000000f6e00000, 0x0000000100000000)
  eden space 65024K, 100% used [0x00000000f2200000,0x00000000f6180000,0x00000000f6180000)
  from space 5632K, 95% used [0x00000000f6780000,0x00000000f6cbc9f0,0x00000000f6d00000)
  to   space 6144K, 0% used [0x00000000f6180000,0x00000000f6180000,0x00000000f6780000)
 ParOldGen       total 19968K, used 10275K [0x00000000d6600000, 0x00000000d7980000, 0x00000000f2200000)
  object space 19968K, 51% used [0x00000000d6600000,0x00000000d7008e80,0x00000000d7980000)
 PSPermGen       total 22016K, used 21647K [0x00000000cc000000, 0x00000000cd580000, 0x00000000d6600000)
  object space 22016K, 98% used [0x00000000cc000000,0x00000000cd523c18,0x00000000cd580000)
Event: 9,171 GC heap after
Heap after GC invocations=9 (full 0):
 PSYoungGen      total 71168K, used 6124K [0x00000000f2200000, 0x00000000f9800000, 0x0000000100000000)
  eden space 65024K, 0% used [0x00000000f2200000,0x00000000f2200000,0x00000000f6180000)
  from space 6144K, 99% used [0x00000000f6180000,0x00000000f677b148,0x00000000f6780000)
  to   space 8192K, 0% used [0x00000000f9000000,0x00000000f9000000,0x00000000f9800000)
 ParOldGen       total 19968K, used 13065K [0x00000000d6600000, 0x00000000d7980000, 0x00000000f2200000)
  object space 19968K, 65% used [0x00000000d6600000,0x00000000d72c2550,0x00000000d7980000)
 PSPermGen       total 22016K, used 21647K [0x00000000cc000000, 0x00000000cd580000, 0x00000000d6600000)
  object space 22016K, 98% used [0x00000000cc000000,0x00000000cd523c18,0x00000000cd580000)
}
Event: 11,779 GC heap before
{Heap before GC invocations=10 (full 0):
 PSYoungGen      total 71168K, used 71148K [0x00000000f2200000, 0x00000000f9800000, 0x0000000100000000)
  eden space 65024K, 100% used [0x00000000f2200000,0x00000000f6180000,0x00000000f6180000)
  from space 6144K, 99% used [0x00000000f6180000,0x00000000f677b148,0x00000000f6780000)
  to   space 8192K, 0% used [0x00000000f9000000,0x00000000f9000000,0x00000000f9800000)
 ParOldGen       total 19968K, used 13065K [0x00000000d6600000, 0x00000000d7980000, 0x00000000f2200000)
  object space 19968K, 65% used [0x00000000d6600000,0x00000000d72c2550,0x00000000d7980000)
 PSPermGen       total 26112K, used 26060K [0x00000000cc000000, 0x00000000cd980000, 0x00000000d6600000)
  object space 26112K, 99% used [0x00000000cc000000,0x00000000cd973298,0x00000000cd980000)
Event: 11,815 GC heap after
Heap after GC invocations=10 (full 0):
 PSYoungGen      total 111104K, used 8190K [0x00000000f2200000, 0x00000000f9b00000, 0x0000000100000000)
  eden space 102912K, 0% used [0x00000000f2200000,0x00000000f2200000,0x00000000f8680000)
  from space 8192K, 99% used [0x00000000f9000000,0x00000000f97ff8f8,0x00000000f9800000)
  to   space 9728K, 0% used [0x00000000f8680000,0x00000000f8680000,0x00000000f9000000)
 ParOldGen       total 19968K, used 14379K [0x00000000d6600000, 0x00000000d7980000, 0x00000000f2200000)
  object space 19968K, 72% used [0x00000000d6600000,0x00000000d740af00,0x00000000d7980000)
 PSPermGen       total 26112K, used 26060K [0x00000000cc000000, 0x00000000cd980000, 0x00000000d6600000)
  object space 26112K, 99% used [0x00000000cc000000,0x00000000cd973298,0x00000000cd980000)
}
Event: 16,003 GC heap before
{Heap before GC invocations=11 (full 0):
 PSYoungGen      total 111104K, used 111102K [0x00000000f2200000, 0x00000000f9b00000, 0x0000000100000000)
  eden space 102912K, 100% used [0x00000000f2200000,0x00000000f8680000,0x00000000f8680000)
  from space 8192K, 99% used [0x00000000f9000000,0x00000000f97ff8f8,0x00000000f9800000)
  to   space 9728K, 0% used [0x00000000f8680000,0x00000000f8680000,0x00000000f9000000)
 ParOldGen       total 19968K, used 14379K [0x00000000d6600000, 0x00000000d7980000, 0x00000000f2200000)
  object space 19968K, 72% used [0x00000000d6600000,0x00000000d740af00,0x00000000d7980000)
 PSPermGen       total 34816K, used 34491K [0x00000000cc000000, 0x00000000ce200000, 0x00000000d6600000)
  object space 34816K, 99% used [0x00000000cc000000,0x00000000ce1aef88,0x00000000ce200000)

